<?xml version="1.0" encoding="UTF-8"?>
<!-- Generated by org.testng.reporters.JUnitReportReporter -->
<testsuite hostname="DESKTOP-16K4T19" failures="0" tests="1" name="Testcase.Registration" time="10.462" errors="0" timestamp="2024-03-24T10:16:03 IST" skipped="0">
  <testcase classname="Testcase.Registration" name="Registrion" time="10.462"/>
  <system-out/>
</testsuite> <!-- Testcase.Registration -->
