<?xml version="1.0" encoding="UTF-8"?>
<!-- Generated by org.testng.reporters.JUnitReportReporter -->
<testsuite hostname="DESKTOP-16K4T19" failures="0" tests="1" name="Testcase.Login" time="9.769" errors="0" timestamp="2024-03-20T01:41:49 IST" skipped="0">
  <testcase classname="Testcase.Login" name="Login" time="9.769"/>
  <system-out/>
</testsuite> <!-- Testcase.Login -->
